         w __deregister_frame_info
         w __register_frame_info
         w userAppExit
         w userAppInit
00000000 00000802 B __ctru_dev_utf16_buf
00000000 b _TLS_MODULE_BASE_
00000000 a shift
00000000 a shift
00000804 00000401 B __ctru_dev_path_buf
00100000 A __start__
00100000 T _start
00100008 T __service_ptr
0010000c T __apt_appid
00100010 T __heap_size
00100014 T __linear_heap_size
00100018 T __system_arglist
0010001c T __system_runflags
00100020 t startup
00100058 t ClearMem
0010006c t ClrLoop
00100094 T _init
001000ac t .udivsi3_skip_div0_test
001000ac T __aeabi_uidiv
001000ac 000001ec T __udivsi3
00100298 00000020 T __aeabi_uidivmod
001002b8 T __aeabi_idiv
001002b8 00000220 T __divsi3
001002c0 t .divsi3_skip_div0_test
001004d8 00000020 T __aeabi_idivmod
001004f8 00000004 W __aeabi_idiv0
001004f8 00000004 W __aeabi_ldiv0
001004fc T __aeabi_drsub
00100504 000002b0 T __aeabi_dsub
00100504 000002b0 T __subdf3
00100508 000002ac T __adddf3
00100508 000002ac T __aeabi_dadd
001007b4 00000024 T __aeabi_ui2d
001007b4 00000024 T __floatunsidf
001007d8 00000028 T __aeabi_i2d
001007d8 00000028 T __floatsidf
00100800 00000048 T __aeabi_f2d
00100800 00000048 T __extendsfdf2
00100848 00000074 T __aeabi_ul2d
00100848 00000074 T __floatundidf
0010085c 00000060 T __aeabi_l2d
0010085c 00000060 T __floatdidf
001008bc T __aeabi_ldivmod
00100990 T __aeabi_uldivmod
001009e8 00000390 T strcmp
00100d70 t __do_global_dtors_aux
00100db0 t frame_dummy
00100ddc 00000044 T getSysLanguage
00100e20 00000158 T updateSpriteList
00100f78 00000080 T CountLiveCells
00100ff8 000000d0 T GameOfLife
001010c8 000000e0 T InitGameOfLife
001011a8 000002bc T main
00101464 00000044 t C2Di_FrameEndHook
001014a8 0000036c T C2D_Init
00101814 0000004c T C2D_Fini
00101860 000000b8 T C2D_Prepare
00101918 00000048 T C2D_Flush
00101960 00000104 T C2D_SceneSize
00101a64 00000058 T C2D_CreateScreenTarget
00101abc 00000064 T C2D_TargetClear
00101b20 0000013c T C2Di_CalcQuad
00101c5c 00000058 T C2Di_AppendQuad
00101cb4 00000550 T C2Di_Update
00102204 000002b0 T C2D_DrawImage
001024b4 0000006c T C2D_SpriteSheetLoadFromHandle
00102520 00000048 T C2D_SpriteSheetLoad
00102568 00000028 T C2D_SpriteSheetFree
00102590 0000002c T C2D_SpriteSheetGetImage
001025bc 00000004 W C3Di_LightEnvUpdate
001025c0 00000004 W C3Di_LightEnvDirty
001025c4 000000b4 t C3Di_AptEventHook
00102678 00000004 W C3Di_GasUpdate
0010267c 000001e0 T C3D_Init
0010285c 00000098 T C3D_SetViewport
001028f4 000004e8 T C3Di_UpdateContext
00102ddc 000000e0 T C3Di_SplitFrame
00102ebc 00000010 T C3D_GetCmdBufUsage
00102ecc 00000044 T C3D_Fini
00102f10 00000114 T C3D_BindProgram
00103024 0000004c t onVBlank0
00103070 0000004c t onVBlank1
001030bc 00000080 t C3Di_RenderTargetDestroy
0010313c 000000f4 t onQueueFinish
00103230 00000038 T C3Di_RenderQueueEnableVBlank
00103268 00000030 T C3Di_RenderQueueDisableVBlank
00103298 00000060 T C3Di_RenderQueueInit
001032f8 000000b0 T C3Di_RenderQueueExit
001033a8 00000034 T C3Di_RenderQueueWaitDone
001033dc 000000e4 T C3D_FrameBegin
001034c0 00000048 T C3D_FrameDrawOn
00103508 00000058 T C3D_FrameSplit
00103560 000001d8 T C3D_FrameEnd
00103738 0000001c T C3D_FrameEndHook
00103754 00000018 T C3D_GetDrawingTime
0010376c 00000018 T C3D_GetProcessingTime
00103784 00000184 T C3D_RenderTargetCreate
00103908 000000a8 T C3D_RenderTargetSetOutput
001039b0 000000fc T C3D_SyncTextureCopy
00103aac 00000294 T C3D_TexInitWithParams
00103d40 000000c8 T C3D_TexLoadImage
00103e08 00000044 T C3D_TexBind
00103e4c 00000074 T C3D_TexDelete
00103ec0 0000016c T C3Di_SetTex
0010402c 000003f4 t Tex3DSi_ImportCommon
00104420 00000038 T Tex3DS_TextureImportStdio
00104458 0000001c T Tex3DS_GetSubTexture
00104474 00000004 T Tex3DS_TextureFree
00104478 0000001c T C3D_CalcColorBufSize
00104494 0000001c T C3D_CalcDepthBufSize
001044b0 00000044 T C3D_SetFrameBuf
001044f4 0000016c T C3Di_FrameBufBind
00104660 000000c8 T C3D_FrameBufClear
00104728 00000044 T C3D_FrameBufTransfer
0010476c 00000034 T C3D_GetTexEnv
001047a0 00000024 T C3Di_TexEnvBind
001047c4 00000218 T C3D_DrawElements
001049dc 00000070 T C3D_ProcTexInit
00104a4c 00000054 T C3D_ProcTexBind
00104aa0 0000005c T C3D_ProcTexLutBind
00104afc 000000a4 T ProcTexLut_FromArray
00104ba0 0000017c T C3Di_ProcTexUpdate
00104d1c 00000068 T C3Di_ProcTexDirty
00104d84 00000024 T BufInfo_Init
00104da8 00000080 T BufInfo_Add
00104e28 00000040 T C3D_SetBufInfo
00104e68 00000048 T C3Di_BufInfoBind
00104eb0 00000040 T C3D_DepthMap
00104ef0 0000001c T C3D_CullFace
00104f0c 00000040 T C3D_StencilTest
00104f4c 00000024 T C3D_StencilOp
00104f70 0000001c T C3D_BlendingColor
00104f8c 00000024 T C3D_EarlyDepthTest
00104fb0 0000002c T C3D_DepthTest
00104fdc 0000002c T C3D_AlphaTest
00105008 00000050 T C3D_AlphaBlend
00105058 00000030 T C3D_FragOpMode
00105088 00000044 T C3D_FragOpShadow
001050cc 000001ac T C3Di_EffectBind
00105278 00000028 T AttrInfo_Init
001052a0 00000094 T AttrInfo_AddLoader
00105334 00000054 T C3D_SetAttrInfo
00105388 00000080 T C3Di_AttrInfoBind
00105408 000000a8 T C3D_ImmSendAttrib
001054b0 00000280 T C3D_UpdateUniforms
00105730 000000c0 T C3Di_DirtyUniforms
001057f0 000000d8 T C3Di_LoadShaderUniforms
001058c8 00000028 T C3Di_ClearShaderUniforms
001058f0 000000cc T Mtx_Ortho
001059bc 000000cc T Mtx_OrthoTilt
00105a88 00000024 t addrMapNodeComparator(rbtree_node const*, rbtree_node const*)
00105aac 00000004 t addrMapNodeDestructor(rbtree_node*)
00105ab0 00000250 T vramMemAlignAt
00105d00 0000000c T vramAlloc
00105d0c 0000000c T vramAllocAt
00105d18 00000090 T vramFree
00105da8 00000024 t addrMapNodeComparator(rbtree_node const*, rbtree_node const*)
00105dcc 00000004 t addrMapNodeDestructor(rbtree_node*)
00105dd0 00000120 T linearMemAlign
00105ef0 00000008 T linearAlloc
00105ef8 0000005c T linearFree
00105f54 00000080 T MemPool::CoalesceRight(MemBlock*)
00105fd4 0000016c T MemPool::Allocate(MemChunk&, unsigned long, int)
00106140 000000fc T MemPool::Deallocate(MemChunk const&)
0010623c 00000030 T MemPool::GetFreeSpace()
0010626c 00000008 t romfs_close
00106274 000000c0 t romfs_seek
00106334 00000024 t romfs_dirreset
00106358 000000c8 t fill_dir
00106420 0000028c t romfs_dirnext
001066ac 00000084 t romfs_free
00106730 000000d4 t searchForFile.constprop.0
00106804 000000d8 t searchForDir.constprop.0
001068dc 000001c0 t navigateToDir.constprop.0
00106a9c 0000010c t romfs_open
00106ba8 0000004c t romfs_chdir
00106bf4 00000070 t romfs_diropen
00106c64 00000174 t romfs_stat
00106dd8 00000008 t romfs_dirclose
00106de0 00000084 t romfs_fstat
00106e64 000000d0 t romfs_read
00106f34 0000028c T romfsMountFromFile
001071c0 00000098 T romfsMountFromCurrentProcess
00107258 00000260 T romfsMountSelf
001074b8 000000a0 T romfsUnmount
00107558 00000074 T osConvertVirtToPhys
001075cc 00000054 T osGetTimeRef
00107620 000000ec T osGetTime
00107710 00000038 T osTickCounterRead
00107748 00000034 T __ctru_speedup_config
0010777c 000001e8 t parseColor
00107964 000001ac T consoleDrawChar
00107b10 00000124 T consolePrintChar
00107c34 00000b94 T con_write
001087c8 000000fc t newRow
001088c4 00000170 T consoleInit
00108a34 000000d0 t gfxPresentFramebuffer
00108b04 0000001c T gfxIsWide
00108b20 000000ec T gfxSetScreenFormat
00108c0c 00000010 T gfxSetDoubleBuffering
00108c1c 000000e0 T gfxInit
00108cfc 00000010 T gfxInitDefault
00108d0c 000000b4 T gfxExit
00108dc0 000000a0 T gfxGetFramebuffer
00108e60 00000104 T gfxFlushBuffers
00108f64 00000030 T gfxScreenSwapBuffers
00108f94 00000050 T gfxSwapBuffersGpu
00108fe4 000001d4 T shaderInstanceInit
001091b8 00000018 T shaderInstanceGetUniformLocation
001091d0 0000001c T shaderProgramInit
001091ec 00000064 T shaderProgramFree
00109250 00000080 T shaderProgramSetVsh
001092d0 000008e0 T shaderProgramConfigure
00109bb0 000001cc t DVLE_GenerateOutmap.part.0
00109d7c 000001b4 T DVLB_ParseFile
00109f30 00000038 T DVLB_Free
00109f68 00000074 T DVLE_GetUniformRegister
00109fdc 00000010 T GX_BindQueue
00109fec 00000078 T GX_ProcessCommandList
0010a064 00000074 T GX_MemoryFill
0010a0d8 00000070 T GX_DisplayTransfer
0010a148 00000074 T GX_TextureCopy
0010a1bc 00000068 t gxCmdQueueDoCommands.part.0
0010a224 000000c8 T gxCmdQueueInterrupt
0010a2ec 0000004c T gxCmdQueueClear
0010a338 000000f8 T gxCmdQueueAdd
0010a430 00000080 T gxCmdQueueRun
0010a4b0 00000060 T gxCmdQueueStop
0010a510 00000074 T gxCmdQueueWait
0010a584 0000013c T GPUCMD_Add
0010a6c0 000000b0 T GPUCMD_Split
0010a770 00000034 T f32tof16
0010a7a4 00000034 T f32tof24
0010a7d8 00000038 T f32tof31
0010a810 000000a4 T cfguInit
0010a8b4 0000003c T cfguExit
0010a8f0 00000054 T CFGU_GetSystemLanguage
0010a944 00000c58 t gspHardwareInit
0010b59c 00000248 T gspInit
0010b7e4 000000f0 T gspExit
0010b8d4 00000010 T gspHasGpuRight
0010b8e4 000000a0 T gspPresentBuffer
0010b984 00000030 T gspSetEventCallback
0010b9b4 00000044 T gspWaitForEvent
0010b9f8 0000004c T gspWaitForAnyEvent
0010ba44 00000158 t gspEventThreadMain
0010bb9c 00000130 T gspSubmitGxCommand
0010bccc 00000050 T GSPGPU_FlushDataCache
0010bd1c 00000034 T GSPGPU_SetLcdForceBlack
0010bd50 00000068 T GSPGPU_AcquireRight
0010bdb8 00000048 T GSPGPU_ReleaseRight
0010be00 0000007c T GSPGPU_ImportDisplayCaptureInfo
0010be7c 0000002c T GSPGPU_SaveVramSysArea
0010bea8 0000002c T GSPGPU_RestoreVramSysArea
0010bed4 000001a4 t aptConvertScreenForCapture
0010c078 00000008 W aptDspSleep
0010c080 00000004 W aptDspWakeup
0010c084 00000004 W aptDspCancel
0010c088 00000158 T aptSendCommand
0010c1e0 00000044 t aptExitProcess
0010c224 0000038c T aptExit
0010c5b0 000000e0 T aptHandleSleep
0010c690 00000030 T aptHook
0010c6c0 00000030 T aptUnhook
0010c6f0 00000084 T APT_SleepIfShellClosed
0010c774 00000084 T aptSetSleepAllowed
0010c7f8 00000084 T APT_UnlockTransition
0010c880 000004a4 t aptEventHandler
0010cd24 000000b0 T APT_ReceiveParameter
0010cdd4 000000b0 t aptReceiveParameter.constprop.0
0010ce88 000002ac t aptScreenTransfer
0010d134 00000344 t aptWaitForWakeUp.isra.0
0010d478 00000100 T aptJumpToHomeMenu
0010d578 00000048 T aptMainLoop
0010d5c0 0000022c T aptInit
0010d7ec 0000007c T APT_CheckNew3DS
0010d868 00000024 W hidShouldUseIrrst
0010d88c 0000018c T hidInit
0010da18 000000e8 T hidExit
0010db00 000002a4 T hidScanInput
0010dda4 00000010 T hidKeysDown
0010ddb4 00000074 T ptmSysmInit
0010de28 0000003c T ptmSysmExit
0010de64 00000034 T PTMSYSM_ConfigureNew3DSCPU
0010de98 000000cc T fsInit
0010df64 0000003c T fsExit
0010dfa0 00000060 T fsExemptFromSession
0010e000 00000050 T fsUnexemptFromSession
0010e050 000000cc T FSUSER_OpenFile
0010e11c 000000d4 T FSUSER_OpenFileDirectly
0010e1f0 000000bc T FSUSER_DeleteFile
0010e2ac 000000f8 T FSUSER_RenameFile
0010e3a4 000000bc T FSUSER_DeleteDirectory
0010e460 000000d4 T FSUSER_CreateFile
0010e534 000000c4 T FSUSER_CreateDirectory
0010e5f8 000000f8 T FSUSER_RenameDirectory
0010e6f0 000000b4 T FSUSER_OpenDirectory
0010e7a4 00000098 T FSUSER_OpenArchive
0010e83c 0000008c T FSUSER_CloseArchive
0010e8c8 00000074 T FSUSER_GetSdmcArchiveResource
0010e93c 00000064 T FSUSER_IsSdmcWritable
0010e9a0 00000058 T FSFILE_Read
0010e9f8 00000060 T FSFILE_Write
0010ea58 0000003c T FSFILE_GetSize
0010ea94 00000028 T FSFILE_SetSize
0010eabc 0000003c T FSFILE_Close
0010eaf8 00000024 T FSFILE_Flush
0010eb1c 00000050 T FSDIR_Read
0010eb6c 0000003c T FSDIR_Close
0010eba8 000000c4 t buffer_read
0010ec6c 000000d0 t iov_read
0010ed3c 00000138 t iov_memmove
0010ee74 000001dc t decompress_rle
0010f050 00000244 t decompress_lzss
0010f294 00000424 t decompress_lz11
0010f6b8 000002d8 t decompress_huff
0010f990 00000010 T decompressCallback_Stdio
0010f9a0 000000dc T decompressHeader
0010fa7c 00000240 T decompressV
0010fcbc 00000010 T rbtree_init
0010fccc 000001b4 t do_insert
0010fe80 00000008 T rbtree_insert
0010fe88 00000090 T rbtree_rotate
0010ff18 00000318 T rbtree_remove
00110230 00000074 T rbtree_find
001102a4 000000e8 T utf16_to_utf8
0011038c 00000064 T decode_utf16
001103f0 000000c0 T utf8_to_utf16
001104b0 000001e0 W __system_allocateHeaps
00110690 00000038 W __libctru_init
001106c8 00000170 W __system_initArgv
00110838 T svcControlMemory
00110858 T svcQueryMemory
00110888 T svcExitProcess
00110890 T svcCreateThread
001108b0 T svcExitThread
001108b8 T svcSleepThread
001108c0 T svcReleaseMutex
001108c8 T svcCreateEvent
001108dc T svcSignalEvent
001108e4 T svcClearEvent
001108ec T svcMapMemoryBlock
001108f4 T svcUnmapMemoryBlock
001108fc T svcCreateAddressArbiter
00110910 T svcArbitrateAddressNoTimeout
00110918 T svcCloseHandle
00110920 T svcWaitSynchronization
00110928 T svcWaitSynchronizationN
00110950 T svcDuplicateHandle
00110964 T svcGetSystemTick
0011096c T svcConnectToPort
00110980 T svcSendSyncRequest
00110988 T svcGetResourceLimit
0011099c T svcGetResourceLimitLimitValues
001109a4 T svcGetResourceLimitCurrentValues
001109ac T svcBreak
001109b4 W initSystem
00110a04 W __ctru_exit
00110a1c T __aeabi_read_tp
00110a28 0000000c T __sync_init
00110a34 00000018 T __sync_fini
00110a4c 0000002c T syncArbitrateAddress
00110a78 000000b0 T LightLock_Lock
00110b28 00000040 T LightLock_Unlock
00110b68 00000030 T RecursiveLock_Lock
00110b98 00000054 T RecursiveLock_Unlock
00110bec 00000040 T LightEvent_Init
00110c2c 000000a4 T LightEvent_Clear
00110cd0 000000c8 T LightEvent_Signal
00110d98 00000050 T LightEvent_TryWait
00110de8 000000b0 T LightEvent_Wait
00110e98 00000084 W envGetHandle
00110f1c 00000050 W envDestroyHandles
00110f6c 00000130 T srvInit
0011109c 00000058 T srvExit
001110f4 00000060 T srvEnableNotification
00111154 000000a0 T srvGetServiceHandleDirect
001111f4 00000038 T srvGetServiceHandle
0011122c 00000034 T srvSubscribe
00111260 00000060 T srvReceiveNotification
001112c0 00000038 T srvPublishToSubscriber
001112f8 000001d4 T threadCreate
001114cc 0000002c T threadFree
001114f8 00000024 T threadJoin
0011151c 00000030 T threadGetCurrent
0011154c 00000040 T threadExit
0011158c 00000020 t _thread_begin
001115ac 000000b4 t mappableFindAddressWithin
00111660 00000028 T mappableInit
00111688 00000080 T mappableAlloc
00111708 00000004 T mappableFree
0011170c 00000164 T irrstInit
00111870 000000cc T irrstExit
0011193c 000000b4 T irrstScanInput
001119f0 00000024 T irrstKeysHeld
00111a14 0000000c T srvPmGetSessionHandle
00111a20 0000005c T rbtree_node_next
00111a7c 00000054 T encode_utf16
00111ad0 000000e0 T encode_utf8
00111bb0 0000013c T decode_utf8
00111cec 00000030 W __appInit
00111d1c 00000030 T __syscall_getreent
00111d4c 00000064 T __syscall_gettod_r
00111db0 00000004 T __syscall_lock_acquire
00111db4 00000004 T __syscall_lock_release
00111db8 00000004 T __syscall_lock_acquire_recursive
00111dbc 00000004 T __syscall_lock_release_recursive
00111dc0 00000004 T __syscall_exit
00111dc4 00000050 T initThreadVars
00111e14 00000080 T __system_initSyscalls
00111e94 00000030 W __appExit
00111ec4 00000090 W __libctru_exit
00111f54 00000014 t archive_link
00111f68 00000014 t archive_dirreset
00111f7c 00000014 t archive_chmod
00111f90 00000024 t error_cmp
00111fb4 00000050 t archive_translate_error
00112004 000000c8 t archive_seek
001120cc 0000007c t _archiveInit.part.0
00112148 000000c4 t archiveFindDevice.part.0
0011220c 0000025c t archive_utf16path
00112468 000000a0 t _archiveUnmountDeviceStruct.part.0
00112508 00000014 t archive_fchmod
0011251c 00000014 t archive_statvfs
00112530 00000164 t _archiveMountDevice
00112694 000000e8 t archive_diropen
0011277c 000000a4 t archive_fstat
00112820 0000006c t archive_close
0011288c 0000006c t archive_fsync
001128f8 00000070 t archive_dirclose
00112968 000000e8 t sdmc_statvfs
00112a50 000000ec t archive_chdir
00112b3c 0000007c t archive_ftruncate
00112bb8 000000ac t archive_read
00112c64 000000a4 t archive_unlink
00112d08 000000bc t archive_rmdir
00112dc4 000000dc t archive_mkdir
00112ea0 0000019c t archive_stat
0011303c 0000015c t archive_dirnext
00113198 000000ec t archive_write
00113284 000001d4 t archive_open
00113458 00000278 t archive_rename
001136d0 0000019c T archiveMountSdmc
0011386c 00000054 T archiveUnmountAll
001138c0 0000024c T sinf
00113b10 0000022c T cosf
00113d3c 00000024 t with_errnof
00113d60 0000001c T __math_invalidf
00113d7c 00000120 T __udivmoddi4
00113e9c 00000020 T calloc
00113ebc 000000c0 T _calloc_r
00113f7c 00000030 T exit
00113fac 00000018 T malloc
00113fc4 00000018 T free
00113fdc 000007e4 T _malloc_r
001147c0 0000000c T __malloc_lock
001147cc 0000000c T __malloc_unlock
001147d8 000001c4 t _strtoul_l.constprop.0
0011499c 00000030 T _strtoul_r
001149cc 00000034 T strtoul
00114a00 00000020 T memalign
00114a20 0000014c T _memalign_r
00114b6c 00000078 T bsearch
00114be4 00000148 T _fclose_r
00114d2c 00000018 T fclose
00114d44 00000234 T __sflush_r
00114f78 00000094 T _fflush_r
0011500c 0000001c t stdio_exit_handler
00115028 0000005c t cleanup_stdio
00115084 00000154 t global_stdio_init.part.0
001151d8 00000134 T __sfp
0011530c 0000005c T __sinit
00115368 0000000c T __sfp_lock_acquire
00115374 0000000c T __sfp_lock_release
00115380 0000012c T _fopen_r
001154ac 00000020 T fopen
001154cc 00000344 T _fread_r
00115810 00000038 T fread
00115848 0000001c T _fseek_r
00115864 00000070 T _fwalk_sglue
001158d4 00000130 T __smakebuf_r
00115a04 0000008c T __swhatbuf_r
00115a90 00000034 T printf
00115ac4 000000e0 T _puts_r
00115ba4 00000018 T puts
00115bbc 00000038 t lflush
00115bf4 0000019c T __srefill_r
00115d90 00000264 T setvbuf
00115ff4 00000074 T sscanf
00116068 00000044 T __sread
001160ac 00000008 T __seofread
001160b4 00000068 T __swrite
0011611c 00000044 T __sseek
00116160 00000008 T __sclose
00116168 000005a0 T _fseeko_r
00116708 000000b0 T memcmp
001167b8 000000f4 T memset
001168ac 00000130 T strchr
001169dc 00000090 T strlen
00116a6c 000000e4 T strncat
00116b50 000000e4 T strncmp
00116c34 000000c4 T strncpy
00116cf8 00000048 T strnlen
00116d40 0000004c T time
00116d8c 0000000c T __errno
00116d98 00000084 T __libc_init_array
00116e1c 0000003c T __libc_fini_array
00116e58 000000e4 T memchr
00116f3c 00000118 T memcpy
00117054 00000110 T __call_exitprocs
00117164 000000f8 T _malloc_trim_r
0011725c 000002e8 T _free_r
00117544 00000050 t get_arg
00117594 00002c44 T __ssvfscanf_r
0011a1d8 0000067c t get_arg
0011a858 000033b8 T _vfprintf_r
0011dc10 000000b8 t __sbprintf
0011dcc8 0000067c t get_arg
0011e344 00000030 T __sprint_r
0011e374 0000230c T _vfiprintf_r
00120680 000000b8 t __sbprintf
00120738 000000c8 T __sflags
00120800 000004b4 T __sfvwrite_r
00120cb4 000000f4 T __sccl
00120da8 00000064 T sprintf
00120e0c 00000134 T __swsetup_r
00120f40 00000150 T memmove
00121090 000000cc T stpncpy
0012115c 00000024 T __locale_mb_cur_max
00121180 00000024 T _localeconv_r
001211a4 0000000c T nanf
001211b0 00000088 T frexp
00121238 000001b0 t quorem
001213e8 000011f8 T _dtoa_r
001225e0 000002f8 T __utf8_mbtowc
001228d8 00000088 T _Balloc
00122960 0000001c T _Bfree
0012297c 000000f4 T __multadd
00122a70 00000110 T __s2b
00122b80 00000060 T __hi0bits
00122be0 0000009c T __lo0bits
00122c7c 000000ac T __i2b
00122d28 00000204 T __multiply
00122f2c 00000128 T __pow5mult
00123054 00000140 T __lshift
00123194 00000058 T __mcmp
001231ec 000001f0 T __mdiff
001233dc 00000068 T __ulp
00123444 000000d0 T __b2d
00123514 00000120 T __d2b
00123634 00000078 T __ratio
001236ac 00000088 T __copybits
00123734 0000005c T __any_on
00123790 00000020 T realloc
001237b0 000004a0 T _realloc_r
00123c50 00000064 t sulp
00123cb8 000013a8 T _strtod_l
00125060 00000040 T _strtod_r
001250a0 000001a4 t _strtol_l.part.0
00125244 00000060 T _strtol_r
001252a4 000000f0 T __utf8_wctomb
00125394 0000022c t _strtoll_l.constprop.0
001255c0 00000030 T _strtoll_r
001255f0 00000244 t _strtoull_l.constprop.0
00125834 00000030 T _strtoull_r
00125864 000000bc T _mbrtowc_r
00125920 00000094 T _wcrtomb_r
001259b4 00000028 T _wcsrtombs_r
001259dc 00000008 T iswspace
001259e4 00000038 T iswspace_l
00125a1c 00000188 T __ssprint_r
00125ba4 000000d4 T _sungetc_r
00125c78 0000006c T __ssrefill_r
00125ce4 000000c4 T _sfread_r
00125da8 0000067c t get_arg
00126428 00003344 T _svfprintf_r
0012976c 000000a8 T __submore
00129818 00000010 T nan
00129828 0000005c T __assert_func
00129884 000000f0 t rshift
00129974 00000814 T __gethex
0012a188 0000004c T __match
0012a1d4 0000029c T __hexnan
0012a470 00000188 T _wcsnrtombs_l
0012a5f8 00000068 T _wcsnrtombs_r
0012a660 0000008c T category
0012a6ec 0000003c T fiprintf
0012a728 00000014 T abort
0012a73c 00000090 T _raise_r
0012a7cc 00000018 T raise
0012a7e4 00000020 T _exit
0012a804 000001c0 T _concatenate_path
0012a9c4 00000140 T chdir
0012ab04 00000078 T _fstat_r
0012ab7c 00000014 T _getpid_r
0012ab90 0000002c T __getreent
0012abbc 00000030 T _gettimeofday_r
0012abec 0000008c T __release_handle
0012ac78 000000b0 T __alloc_handle
0012ad28 0000003c T __get_handle
0012ad64 000000f4 T _close_r
0012ae58 00000008 t null_write
0012ae60 00000018 T setDefaultDevice
0012ae78 000000c8 T FindDevice
0012af40 00000028 T RemoveDevice
0012af68 0000009c T AddDevice
0012b004 00000020 T GetDeviceOpTab
0012b024 00000008 T _isatty_r
0012b02c 00000014 T _kill_r
0012b040 00000084 T _lseek_r
0012b0c4 000000c0 T _open_r
0012b184 00000080 T _read_r
0012b204 00000078 W _sbrk_r
0012b27c 0000001c T __libc_lock_acquire
0012b298 0000001c T __libc_lock_release
0012b2b4 0000001c T __libc_lock_acquire_recursive
0012b2d0 0000001c T __libc_lock_release_recursive
0012b2ec 00000080 T _write_r
0012b36c 00000038 T __aeabi_d2lz
0012b36c 00000038 T __fixdfdi
0012b3a8 00000040 T __aeabi_d2ulz
0012b3a8 00000040 T __fixunsdfdi
0012b3e8 00000048 T strrchr
0012b430 T _fini
0012c1b0 00000008 r s_defaultTint.0
0012c1bc R render2d_shbin
0012c348 R render2d_shbin_end
0012c348 R render2d_shbin_size
0012c34c 00000038 r CSWTCH.19
0012c384 00000005 r colorFmtSizes
0012c38c 00000004 r depthFmtSizes
0012c390 00000010 r CSWTCH.9
0012c3c4 00000070 r romFS_devoptab
0012c4ac 00000070 r dotab_stdout
0012c51c 00000018 r grayScale
0012c534 00000006 r colorCube
0012c53c 00000030 r colorTable
0012c5a8 00000008 r morton_y.2
0012c5b0 00000008 r morton_x.3
0012c5b8 00000008 r s_sleepWakeEvents.4
0012c5f8 R default_font_bin
0012cdf8 R default_font_bin_end
0012ce1c 00000030 r error_table
0012ce54 00000070 r archive_devoptab
0012cec4 00000060 R __inv_pio4
0012cf28 000000e0 R __sincosf_table
0012d008 00000101 R _ctype_
0012d110 00000022 r basefix.0
0012d170 00000010 r zeroes.0
0012d180 00000010 r blanks.1
0012d190 00000010 r zeroes.0
0012d1a0 00000010 r blanks.1
0012d204 r .LC2
0012d2a4 0000000c r p05.0
0012d2b0 00000028 R __mprec_bigtens
0012d2d8 000000c8 R __mprec_tens
0012d3ac 00000014 r fpinan.0
0012d3c0 00000014 r fpi.1
0012d3d8 00000028 r tinytens
0012d400 0000006c R __action_table
0012d46c 0000006c R __state_table
0012d4d8 00000100 R __chclass
0012d5d8 00000010 r zeroes.0
0012d5e8 00000010 r blanks.1
0012d684 00000100 R __hexdig
0012d784 00003528 r categories
00130cac 00000070 R dotab_stdnull
00130d1c R __tdata_align
00130d20 r __EH_FRAME_BEGIN__
00130d20 R __exidx_end
00130d20 R __exidx_start
00131000 00000030 D LanguageCodes
00131030 00000004 d framerate
00131034 00000008 d framerateCounter
0013103c 00000001 d firstConsoleInit.0
00131040 00000004 D currentConsole
00131044 00000048 D defaultConsole
0013108c 00000004 d queueLock
00131090 00000004 d aptChainloadDeliverArgSize
00131094 00000004 d kCount
00131098 00000004 d kInterval
0013109c 00000004 d kDelay
001310a0 W __stacksize__
001310a4 00000004 D __malloc_sbrk_base
001310a8 00000004 D __malloc_trim_threshold
001310b0 00000408 D __malloc_av_
001314b8 0000000c D __sglue
001314c4 00000004 D _impure_ptr
001314c8 00000120 D _impure_data
001315e8 0000016c D __global_locale
00131754 00000400 d _current_working_directory
00131b54 00001000 d handles
00132b54 0000000c d __stderr_handle
00132b60 0000000c d __stdout_handle
00132b6c 0000000c d __stdin_handle
00132b78 0000008c D devoptab_list
00132c04 00000004 d defaultDevice
00132c10 d _GLOBAL_OFFSET_TABLE_
00132c1c d __frame_dummy_init_array_entry
00132c1c D __init_array_start
00132c1c B __preinit_array_end
00132c1c B __preinit_array_start
00132c1c D __tdata_lma
00132c1c D __tdata_lma_end
00132c20 d __do_global_dtors_aux_fini_array_entry
00132c20 D __fini_array_start
00132c20 D __init_array_end
00132c24 D __bss_start__
00132c24 D __fini_array_end
00132c24 00000004 B size
00132c28 00000004 B CellArray
00132c2c 00000f00 B temp_table
00133b2c 00000004 b spriteSheet.0
00133b30 b completed.1
00133b34 b object.0
00133b50 000005a8 B __C2Di_Context
001340f8 00000040 b s_projBot
00134138 00000040 b s_projTop
00134178 00000004 b uLoc_mdlvMtx
0013417c 00000004 b uLoc_projMtx
00134180 000002d0 B __C3D_Context
00134450 0000000c b hookCookie
00134460 00000010 b cpuTime
00134470 00000004 b firstTarget
00134474 00000008 b frameCounter
0013447c 00000004 b frameEndCb
00134480 00000004 b frameEndCbData
00134488 00000010 b gpuTime
00134498 00000001 b inFrame
00134499 00000001 b inSafeTransfer
0013449a 00000001 b isTopStereo
0013449c 00000004 b lastTarget
001344a0 0000000c b linkedTarget
001344ac 00000001 b measureGpuTime
001344ad 00000001 b needSwapBot
001344ae 00000001 b needSwapTop
001344b0 00000004 B C3D_BoolUnifs
001344b4 00000002 B C3D_BoolUnifsDirty
001344b8 00000c00 B C3D_FVUnif
001350b8 000000c0 B C3D_FVUnifDirty
00135178 00000020 B C3D_IVUnif
00135198 00000008 B C3D_IVUnifDirty
001351a0 000000c0 b C3Di_FVUnifEverDirty
00135260 00000008 b C3Di_IVUnifEverDirty
00135268 00000018 b C3Di_ShaderFVecData
00135280 00000008 b sVramPoolB
00135288 00000008 b sVramPoolA
00135290 0000000c b sAddrMap
001352a0 00000008 b sLinearPool
001352a8 0000000c b sAddrMap
001352b4 00000004 b romfs_mount_list
001352b8 00000004 V __romfs_path
001352bc 00000001 V __ctru_speedup
001352c0 00000048 B currentCopy
00135308 00000004 b screenAlloc
0013530c 00000004 b screenFree
00135310 00000002 b gfxIsDoubleBuf
00135314 00000002 b gfxCurBuf
00135316 00000001 b gfxIsVram
00135317 00000001 b gfxTopMode
00135318 00000002 b gfxFramebufferFormats
0013531c 00000004 b gfxBottomFramebufferMaxSize
00135320 00000004 b gfxTopFramebufferMaxSize
00135328 00000008 b gfxBottomFramebuffers
00135330 00000008 b gfxTopFramebuffers
00135338 00000004 b boundQueue
0013533c 00000001 b shouldStop
0013533d 00000001 b isRunning
0013533e 00000001 b isActive
00135340 00000004 b curQueue
00135344 00000004 B gpuCmdBufOffset
00135348 00000004 B gpuCmdBufSize
0013534c 00000004 B gpuCmdBuf
00135350 00000004 b cfguRefCount
00135354 00000004 b cfguHandle
00135358 00000007 b gspEventCbOneShot
00135360 0000001c b gspEventCbData
0013537c 0000001c b gspEventCb
00135398 00000038 b gspEvents
001353d0 00000004 b gspLastEvent
001353d4 00000001 b gspRunEvents
001353d8 00000004 b gspEventThread
001353dc 00000004 b gspEvent
001353e0 00000001 b gspGpuRight
001353e1 00000001 b gspThreadId
001353e4 00000004 b gspSharedMem
001353e8 00000004 b gspSharedMemHandle
001353ec 00000004 b gspRefCount
001353f0 00000004 b gspGpuHandle
001353f4 00000001 b flagValue.0
001353f5 00000001 b flagInit.1
001353f8 00000004 b serviceName.6
001353fc 00000001 b aptChainloadFlags
001353fd 00000001 b aptChainloadMediatype
00135400 00000020 b aptChainloadHmac
00135420 00000300 b aptChainloadDeliverArg
00135720 00000008 b aptChainloadTid
00135728 00001000 b aptParameters
00136728 00000004 b aptFlags
0013672c 00000001 b aptHomeButtonState
00136730 00000004 b aptMessageFuncData
00136734 00000004 b aptMessageFunc
00136738 0000000c b aptFirstHook
00136744 00000001 b aptEventHandlerThreadQuit
00136748 00000004 b aptEventHandlerThread
0013674c 00000008 b aptSleepEvent
00136754 00000008 b aptReceiveEvent
0013675c 00000008 b aptEvents
00136764 00000004 b aptLockHandle
00136768 00000004 b aptRefCount
0013676c 00000001 b usingIrrst
00136770 00000004 b hidRefCount
00136774 00000006 b gRate
0013677c 00000006 b aVec
00136784 00000004 b cPos
00136788 00000004 b tPos
0013678c 00000004 b kRepeat
00136790 00000004 b kUp
00136794 00000004 b kDown
00136798 00000004 b kHeld
0013679c 00000004 b kOld
001367a0 00000004 B hidSharedMem
001367a4 00000014 B hidEvents
001367b8 00000004 B hidMemHandle
001367bc 00000004 B hidHandle
001367c0 00000004 b ptmSysmRefCount
001367c4 00000004 b ptmSysmHandle
001367c8 00000080 b fsExemptArchives
00136848 00000004 b fsuRefCount
0013684c 00000004 b fsuHandle
00136850 00000004 V __ctru_linear_heap_size
00136854 00000004 V __ctru_heap_size
00136858 00000004 B __ctru_linear_heap
0013685c 00000004 B __ctru_heap
00136860 00000004 B __system_retAddr
00136864 00000004 B __system_argv
00136868 00000004 B __system_argc
0013686c b saved_stack
00136874 00000004 b arbiter
00136878 00000004 B __3dslink_host
0013687c 00000004 b srvRefCount
00136880 00000004 b srvHandle
00136884 00000004 b currentAddr
00136888 00000004 b maxAddr
0013688c 00000004 b minAddr
00136890 00000004 b irrstRefCount
00136894 00000004 b csPos
00136898 00000004 b kHeld
0013689c 00000004 B irrstSharedMem
001368a0 00000004 B irrstEvent
001368a4 00000004 B irrstMemHandle
001368a8 00000004 B irrstHandle
001368ac 00000004 b srvPmHandle
001368b0 00000540 b archive_devices
00136df0 00000004 b archive_device_cwd
00136df4 00000001 b archive_initialized
00136df8 00000028 B __malloc_current_mallinfo
00136e20 00000004 B __malloc_max_total_mem
00136e24 00000004 B __malloc_max_sbrked_mem
00136e28 00000004 B __malloc_top_pad
00136e2c 0000000c b __malloc_recursive_mutex
00136e38 0000000c b __sfp_recursive_mutex
00136e48 00000168 B __sf
00136fb0 00000004 B __stdio_exit_handler
00136fb4 00000004 B __atexit
00136fb8 0000000c B __atexit_recursive_mutex
00136fc4 00000400 b temp_cwd
001373c4 00000004 b __hndl_lock
001373c8 00000004 B fake_heap_start
001373cc 00000004 B fake_heap_end
001373d0 00000004 b heap_start.0
001373d4 B __tls_start
00137fdc B __bss_end__
00137fdc A __end__
00137fdc B __tls_end
